Build started 2016-11-29 20:28:12.
     1>Project "c:\Users\Hylus\documents\visual studio 2010\Projects\calc_moj\calc_moj\calc_moj.vcxproj" on node 2 (build target(s)).
     1>InitializeBuildStatus:
         Touching "Debug\calc_moj.unsuccessfulbuild".
       ClCompile:
         C:\Program Files (x86)\Microsoft Visual Studio 10.0\VC\bin\CL.exe /c /ZI /nologo /W3 /WX- /Od /Oy- /D WIN32 /D _DEBUG /D _WINDOWS /D _UNICODE /D UNICODE /Gm /EHsc /RTC1 /MDd /GS /fp:precise /Zc:wchar_t /Zc:forScope /Fo"Debug\\" /Fd"Debug\vc100.pdb" /Gd /TP /analyze- /errorReport:prompt cl.cpp
         cl.cpp
     1>c:\users\hylus\documents\visual studio 2010\projects\calc_moj\calc_moj\cl.cpp(95): warning C4244: 'argument' : conversion from 'double' to 'int', possible loss of data
     1>c:\users\hylus\documents\visual studio 2010\projects\calc_moj\calc_moj\cl.cpp(96): warning C4244: 'argument' : conversion from 'double' to 'int', possible loss of data
       ManifestResourceCompile:
         C:\Program Files (x86)\Microsoft SDKs\Windows\v7.0A\bin\rc.exe /nologo /fo"Debug\calc_moj.exe.embed.manifest.res" Debug\calc_moj_manifest.rc 
       Link:
         C:\Program Files (x86)\Microsoft Visual Studio 10.0\VC\bin\link.exe /ERRORREPORT:PROMPT /OUT:"c:\users\hylus\documents\visual studio 2010\Projects\calc_moj\Debug\calc_moj.exe" /INCREMENTAL /NOLOGO kernel32.lib user32.lib gdi32.lib winspool.lib comdlg32.lib advapi32.lib shell32.lib ole32.lib oleaut32.lib uuid.lib odbc32.lib odbccp32.lib /MANIFEST /ManifestFile:"Debug\calc_moj.exe.intermediate.manifest" /MANIFESTUAC:"level='asInvoker' uiAccess='false'" /DEBUG /PDB:"c:\users\hylus\documents\visual studio 2010\Projects\calc_moj\Debug\calc_moj.pdb" /SUBSYSTEM:WINDOWS /TLBID:1 /DYNAMICBASE /NXCOMPAT /IMPLIB:"c:\users\hylus\documents\visual studio 2010\Projects\calc_moj\Debug\calc_moj.lib" /MACHINE:X86 Debug\calc_moj.exe.embed.manifest.res
         Debug\cl.obj
       Manifest:
         C:\Program Files (x86)\Microsoft SDKs\Windows\v7.0A\bin\mt.exe /nologo /verbose /out:"Debug\calc_moj.exe.embed.manifest" /manifest Debug\calc_moj.exe.intermediate.manifest
         C:\Program Files (x86)\Microsoft SDKs\Windows\v7.0A\bin\rc.exe /nologo /fo"Debug\calc_moj.exe.embed.manifest.res" Debug\calc_moj_manifest.rc 
       LinkEmbedManifest:
         C:\Program Files (x86)\Microsoft Visual Studio 10.0\VC\bin\link.exe /ERRORREPORT:PROMPT /OUT:"c:\users\hylus\documents\visual studio 2010\Projects\calc_moj\Debug\calc_moj.exe" /INCREMENTAL /NOLOGO kernel32.lib user32.lib gdi32.lib winspool.lib comdlg32.lib advapi32.lib shell32.lib ole32.lib oleaut32.lib uuid.lib odbc32.lib odbccp32.lib /MANIFEST /ManifestFile:"Debug\calc_moj.exe.intermediate.manifest" /MANIFESTUAC:"level='asInvoker' uiAccess='false'" /DEBUG /PDB:"c:\users\hylus\documents\visual studio 2010\Projects\calc_moj\Debug\calc_moj.pdb" /SUBSYSTEM:WINDOWS /TLBID:1 /DYNAMICBASE /NXCOMPAT /IMPLIB:"c:\users\hylus\documents\visual studio 2010\Projects\calc_moj\Debug\calc_moj.lib" /MACHINE:X86 Debug\calc_moj.exe.embed.manifest.res
         Debug\cl.obj
         calc_moj.vcxproj -> c:\users\hylus\documents\visual studio 2010\Projects\calc_moj\Debug\calc_moj.exe
       FinalizeBuildStatus:
         Deleting file "Debug\calc_moj.unsuccessfulbuild".
         Touching "Debug\calc_moj.lastbuildstate".
     1>Done Building Project "c:\Users\Hylus\documents\visual studio 2010\Projects\calc_moj\calc_moj\calc_moj.vcxproj" (build target(s)).

Build succeeded.

Time Elapsed 00:00:14.36
